d:\win_dev\se26\curl_adapter_winapi\lib\x64\debug\libcurl_adapter.pdb
d:\win_dev\se26\curl_adapter_winapi\lib\x64\debug\libcurl_adapter.idb
d:\win_dev\se26\curl_adapter_winapi\libcurl_adapter\obj\x64\debug\ws.obj
d:\win_dev\se26\curl_adapter_winapi\libcurl_adapter\obj\x64\debug\utils.obj
d:\win_dev\se26\curl_adapter_winapi\libcurl_adapter\obj\x64\debug\urlapi.obj
d:\win_dev\se26\curl_adapter_winapi\libcurl_adapter\obj\x64\debug\url.obj
d:\win_dev\se26\curl_adapter_winapi\libcurl_adapter\obj\x64\debug\trace.obj
d:\win_dev\se26\curl_adapter_winapi\libcurl_adapter\obj\x64\debug\setopt.obj
d:\win_dev\se26\curl_adapter_winapi\libcurl_adapter\obj\x64\debug\request.obj
d:\win_dev\se26\curl_adapter_winapi\libcurl_adapter\obj\x64\debug\multi.obj
d:\win_dev\se26\curl_adapter_winapi\libcurl_adapter\obj\x64\debug\llist.obj
d:\win_dev\se26\curl_adapter_winapi\libcurl_adapter\obj\x64\debug\http.obj
d:\win_dev\se26\curl_adapter_winapi\libcurl_adapter\obj\x64\debug\hash.obj
d:\win_dev\se26\curl_adapter_winapi\libcurl_adapter\obj\x64\debug\ftp.obj
d:\win_dev\se26\curl_adapter_winapi\libcurl_adapter\obj\x64\debug\error.obj
d:\win_dev\se26\curl_adapter_winapi\libcurl_adapter\obj\x64\debug\easy.obj
d:\win_dev\se26\curl_adapter_winapi\lib\x64\debug\libcurl_adapter.lib
d:\win_dev\se26\curl_adapter_winapi\libcurl_adapter\obj\x64\debug\libcurl_adapter.vcxproj.filelistabsolute.txt
d:\win_dev\se26\curl_adapter_winapi\libcurl_adapter\obj\x64\debug\libcurl_adapter.tlog\cl.command.1.tlog
d:\win_dev\se26\curl_adapter_winapi\libcurl_adapter\obj\x64\debug\libcurl_adapter.tlog\cl.items.tlog
d:\win_dev\se26\curl_adapter_winapi\libcurl_adapter\obj\x64\debug\libcurl_adapter.tlog\cl.read.1.tlog
d:\win_dev\se26\curl_adapter_winapi\libcurl_adapter\obj\x64\debug\libcurl_adapter.tlog\cl.write.1.tlog
d:\win_dev\se26\curl_adapter_winapi\libcurl_adapter\obj\x64\debug\libcurl_adapter.tlog\lib-link.read.1.tlog
d:\win_dev\se26\curl_adapter_winapi\libcurl_adapter\obj\x64\debug\libcurl_adapter.tlog\lib-link.write.1.tlog
d:\win_dev\se26\curl_adapter_winapi\libcurl_adapter\obj\x64\debug\libcurl_adapter.tlog\lib.command.1.tlog
