d:\win_dev\se26\curl_adapter_winapi\lib\x64\release\libcurl_adapter.pdb
d:\win_dev\se26\curl_adapter_winapi\libcurl_adapter\obj\x64\release\ws.obj
d:\win_dev\se26\curl_adapter_winapi\libcurl_adapter\obj\x64\release\utils.obj
d:\win_dev\se26\curl_adapter_winapi\libcurl_adapter\obj\x64\release\urlapi.obj
d:\win_dev\se26\curl_adapter_winapi\libcurl_adapter\obj\x64\release\url.obj
d:\win_dev\se26\curl_adapter_winapi\libcurl_adapter\obj\x64\release\trace.obj
d:\win_dev\se26\curl_adapter_winapi\libcurl_adapter\obj\x64\release\setopt.obj
d:\win_dev\se26\curl_adapter_winapi\libcurl_adapter\obj\x64\release\request.obj
d:\win_dev\se26\curl_adapter_winapi\libcurl_adapter\obj\x64\release\multi.obj
d:\win_dev\se26\curl_adapter_winapi\libcurl_adapter\obj\x64\release\llist.obj
d:\win_dev\se26\curl_adapter_winapi\libcurl_adapter\obj\x64\release\http.obj
d:\win_dev\se26\curl_adapter_winapi\libcurl_adapter\obj\x64\release\hash.obj
d:\win_dev\se26\curl_adapter_winapi\libcurl_adapter\obj\x64\release\ftp.obj
d:\win_dev\se26\curl_adapter_winapi\libcurl_adapter\obj\x64\release\error.obj
d:\win_dev\se26\curl_adapter_winapi\libcurl_adapter\obj\x64\release\easy.obj
d:\win_dev\se26\curl_adapter_winapi\lib\x64\release\libcurl_adapter.lib
d:\win_dev\se26\curl_adapter_winapi\libcurl_adapter\obj\x64\release\libcurl_adapter.vcxproj.filelistabsolute.txt
d:\win_dev\se26\curl_adapter_winapi\libcurl_adapter\obj\x64\release\libcurl_adapter.tlog\cl.command.1.tlog
d:\win_dev\se26\curl_adapter_winapi\libcurl_adapter\obj\x64\release\libcurl_adapter.tlog\cl.items.tlog
d:\win_dev\se26\curl_adapter_winapi\libcurl_adapter\obj\x64\release\libcurl_adapter.tlog\cl.read.1.tlog
d:\win_dev\se26\curl_adapter_winapi\libcurl_adapter\obj\x64\release\libcurl_adapter.tlog\cl.write.1.tlog
d:\win_dev\se26\curl_adapter_winapi\libcurl_adapter\obj\x64\release\libcurl_adapter.tlog\lib-link.read.1.tlog
d:\win_dev\se26\curl_adapter_winapi\libcurl_adapter\obj\x64\release\libcurl_adapter.tlog\lib-link.write.1.tlog
d:\win_dev\se26\curl_adapter_winapi\libcurl_adapter\obj\x64\release\libcurl_adapter.tlog\lib.command.1.tlog
